<?xml version="1.0" encoding="utf-8"?><testsuites name="pytest tests"><testsuite name="pytest" errors="0" failures="0" skipped="0" tests="22" time="3.312" timestamp="2026-06-11T03:34:22.907594+00:00" hostname="agent-env-17943334-6979-458b-b4dd-c5d6598ae1bc"><testcase classname="tests.test_auction_api.TestAuth" name="test_register_new_user" time="0.410" /><testcase classname="tests.test_auction_api.TestAuth" name="test_login_seeded_user" time="0.274" /><testcase classname="tests.test_auction_api.TestAuth" name="test_login_invalid_password" time="0.269" /><testcase classname="tests.test_auction_api.TestAuth" name="test_auth_me_with_token" time="0.318" /><testcase classname="tests.test_auction_api.TestAuth" name="test_auth_me_missing_token" time="0.173" /><testcase classname="tests.test_auction_api.TestAuth" name="test_auth_me_invalid_token" time="0.046" /><testcase classname="tests.test_auction_api.TestAuth" name="test_protected_route_rejects_no_token" time="0.113" /><testcase classname="tests.test_auction_api.TestConfig" name="test_config_shape" time="0.047" /><testcase classname="tests.test_auction_api.TestAuctionLifecycle" name="test_create_auction" time="0.052" /><testcase classname="tests.test_auction_api.TestAuctionLifecycle" name="test_first_effective_player_is_utr_5_0" time="0.052" /><testcase classname="tests.test_auction_api.TestAuctionLifecycle" name="test_get_auction" time="0.094" /><testcase classname="tests.test_auction_api.TestAuctionLifecycle" name="test_get_auction_not_found" time="0.048" /><testcase classname="tests.test_auction_api.TestBidding" name="test_valid_bid" time="0.093" /><testcase classname="tests.test_auction_api.TestBidding" name="test_bid_below_base" time="0.105" /><testcase classname="tests.test_auction_api.TestBidding" name="test_bid_bad_increment" time="0.105" /><testcase classname="tests.test_auction_api.TestBidding" name="test_duplicate_bid_blocked" time="0.143" /><testcase classname="tests.test_auction_api.TestBidding" name="test_bid_exceeds_budget" time="0.094" /><testcase classname="tests.test_auction_api.TestBidding" name="test_budget_reserve_rule" time="0.099" /><testcase classname="tests.test_auction_api.TestFinalizeSkipReset" name="test_finalize_awards_player" time="0.253" /><testcase classname="tests.test_auction_api.TestFinalizeSkipReset" name="test_finalize_no_bids" time="0.095" /><testcase classname="tests.test_auction_api.TestFinalizeSkipReset" name="test_skip_moves_player_to_end" time="0.149" /><testcase classname="tests.test_auction_api.TestFinalizeSkipReset" name="test_reset_restores_initial_state" time="0.236" /></testsuite></testsuites>