<?xml version="1.0" encoding="utf-8"?><testsuites name="pytest tests"><testsuite name="pytest" errors="0" failures="0" skipped="0" tests="24" time="4.074" timestamp="2026-06-14T14:40:49.702445+00:00" hostname="agent-env-17943334-6979-458b-b4dd-c5d6598ae1bc"><testcase classname="backend.tests.test_auction_api.TestAuth" name="test_admin_login" time="0.512" /><testcase classname="backend.tests.test_auction_api.TestAuth" name="test_team1_login" time="0.270" /><testcase classname="backend.tests.test_auction_api.TestAuth" name="test_wrong_pin_returns_401" time="0.269" /><testcase classname="backend.tests.test_auction_api.TestAuth" name="test_unknown_code_returns_401" time="0.053" /><testcase classname="backend.tests.test_auction_api.TestAuth" name="test_code_is_case_insensitive" time="0.266" /><testcase classname="backend.tests.test_auction_api.TestAuth" name="test_me_admin" time="0.320" /><testcase classname="backend.tests.test_auction_api.TestAuth" name="test_me_captain" time="0.322" /><testcase classname="backend.tests.test_auction_api.TestAuth" name="test_me_invalid_token" time="0.045" /><testcase classname="backend.tests.test_auction_api.TestConfig" name="test_config_shape" time="0.047" /><testcase classname="backend.tests.test_auction_api.TestAuthorization" name="test_captain_cannot_create_auction" time="0.044" /><testcase classname="backend.tests.test_auction_api.TestAuthorization" name="test_admin_can_create_auction" time="0.054" /><testcase classname="backend.tests.test_auction_api.TestAuthorization" name="test_captain_can_bid_own_team" time="0.102" /><testcase classname="backend.tests.test_auction_api.TestAuthorization" name="test_captain_cannot_bid_other_team" time="0.097" /><testcase classname="backend.tests.test_auction_api.TestAuthorization" name="test_admin_cannot_bid" time="0.119" /><testcase classname="backend.tests.test_auction_api.TestAuthorization" name="test_captain_cannot_finalize" time="0.099" /><testcase classname="backend.tests.test_auction_api.TestAuthorization" name="test_captain_cannot_skip" time="0.099" /><testcase classname="backend.tests.test_auction_api.TestAuthorization" name="test_captain_cannot_reset" time="0.099" /><testcase classname="backend.tests.test_auction_api.TestAuthorization" name="test_admin_can_skip" time="0.101" /><testcase classname="backend.tests.test_auction_api.TestAuthorization" name="test_admin_can_reset" time="0.101" /><testcase classname="backend.tests.test_auction_api.TestBidding" name="test_bid_below_base" time="0.099" /><testcase classname="backend.tests.test_auction_api.TestBidding" name="test_bid_bad_increment" time="0.099" /><testcase classname="backend.tests.test_auction_api.TestBidding" name="test_unique_bid_rule" time="0.417" /><testcase classname="backend.tests.test_auction_api.TestBidding" name="test_budget_reserve_rule" time="0.098" /><testcase classname="backend.tests.test_auction_api.TestFullFlow" name="test_full_flow_admin_creates_team1_bids_admin_finalizes" time="0.290" /></testsuite></testsuites>